C:\work\SugarhillKR\nemoapp-server\src\SugarHill.Nemoin\styles\Font.js
C:\work\SugarhillKR\nemoapp-server\src\SugarHill.Nemoin\styles\Font.js.map
C:\work\SugarhillKR\nemoapp-server\src\SugarHill.Nemoin\Styles\BaseStyle.js
C:\work\SugarhillKR\nemoapp-server\src\SugarHill.Nemoin\Styles\BaseStyle.js.map
C:\work\SugarhillKR\nemoapp-server\src\SugarHill.Nemoin\Styles\HomeImages.js
C:\work\SugarhillKR\nemoapp-server\src\SugarHill.Nemoin\Styles\HomeImages.js.map
C:\work\SugarhillKR\nemoapp-server\src\SugarHill.Nemoin\Styles\themeTypes.js
C:\work\SugarhillKR\nemoapp-server\src\SugarHill.Nemoin\Styles\themeTypes.js.map
C:\work\SugarhillKR\nemoapp-server\src\SugarHill.Nemoin\Styles\DefineColor.js
C:\work\SugarhillKR\nemoapp-server\src\SugarHill.Nemoin\Styles\DefineColor.js.map
C:\work\SugarhillKR\nemoapp-server\src\SugarHill.Nemoin\Styles\Home.js
C:\work\SugarhillKR\nemoapp-server\src\SugarHill.Nemoin\Styles\Home.js.map
C:\work\SugarhillKR\nemoapp-server\src\SugarHill.Nemoin\Styles\OfficeForSalePopup.js
C:\work\SugarhillKR\nemoapp-server\src\SugarHill.Nemoin\Styles\OfficeForSalePopup.js.map
C:\work\SugarhillKR\nemoapp-server\src\SugarHill.Nemoin\Scripts\Validation\HtmlForm.js
C:\work\SugarhillKR\nemoapp-server\src\SugarHill.Nemoin\Scripts\Validation\HtmlForm.js.map
C:\work\SugarhillKR\nemoapp-server\src\SugarHill.Nemoin\Scripts\Validation\FormViewBase.js
C:\work\SugarhillKR\nemoapp-server\src\SugarHill.Nemoin\Scripts\Validation\FormViewBase.js.map
C:\work\SugarhillKR\nemoapp-server\src\SugarHill.Nemoin\Scripts\Validation\Extention.js
C:\work\SugarhillKR\nemoapp-server\src\SugarHill.Nemoin\Scripts\Validation\Extention.js.map
C:\work\SugarhillKR\nemoapp-server\src\SugarHill.Nemoin\Scripts\Validation\Index.js
C:\work\SugarhillKR\nemoapp-server\src\SugarHill.Nemoin\Scripts\Validation\Index.js.map
C:\work\SugarhillKR\nemoapp-server\src\SugarHill.Nemoin\Scripts\OfficeForSalePopup.js
C:\work\SugarhillKR\nemoapp-server\src\SugarHill.Nemoin\Scripts\OfficeForSalePopup.js.map
C:\work\SugarhillKR\nemoapp-server\src\SugarHill.Nemoin\Scripts\Home.js
C:\work\SugarhillKR\nemoapp-server\src\SugarHill.Nemoin\Scripts\Home.js.map
C:\work\SugarhillKR\nemoapp-server\src\SugarHill.Nemoin\Scripts\Index.js
C:\work\SugarhillKR\nemoapp-server\src\SugarHill.Nemoin\Scripts\Index.js.map
